<?xml version="1.0" encoding="UTF-8"?>
<testng-results skipped="0" failed="0" ignored="0" total="1" passed="1">
  <reporter-output>
  </reporter-output>
  <suite name="Default suite" duration-ms="39453" started-at="2018-05-19T05:20:15Z" finished-at="2018-05-19T05:20:55Z">
    <groups>
    </groups>
    <test name="Default test" duration-ms="39453" started-at="2018-05-19T05:20:15Z" finished-at="2018-05-19T05:20:55Z">
      <class name="com.tests.NewTest1">
        <test-method status="PASS" signature="testHDFC()[pri:0, instance:com.tests.NewTest1@26be92ad]" name="testHDFC" duration-ms="39278" started-at="2018-05-19T05:20:15Z" finished-at="2018-05-19T05:20:55Z">
          <reporter-output>
          </reporter-output>
        </test-method> <!-- testHDFC -->
      </class> <!-- com.tests.NewTest1 -->
    </test> <!-- Default test -->
  </suite> <!-- Default suite -->
</testng-results>
